0 info it worked if it ends with ok
1 verbose cli [ '/home/windsome/.nvm/versions/node/v5.11.1/bin/node',
1 verbose cli   '/home/windsome/.nvm/versions/node/v5.11.1/bin/npm',
1 verbose cli   'publish',
1 verbose cli   '--tag',
1 verbose cli   '0.1.2' ]
2 info using npm@3.8.6
3 info using node@v5.11.1
4 verbose publish [ '.' ]
5 verbose stack Error: Tag name must not be a valid SemVer range: 0.1.2
5 verbose stack     at EventEmitter.publish (/home/windsome/.nvm/versions/node/v5.11.1/lib/node_modules/npm/lib/publish.js:40:14)
5 verbose stack     at Object.commandCache.(anonymous function) (/home/windsome/.nvm/versions/node/v5.11.1/lib/node_modules/npm/lib/npm.js:114:13)
5 verbose stack     at EventEmitter.<anonymous> (/home/windsome/.nvm/versions/node/v5.11.1/lib/node_modules/npm/bin/npm-cli.js:75:30)
5 verbose stack     at _combinedTickCallback (internal/process/next_tick.js:67:7)
5 verbose stack     at process._tickCallback (internal/process/next_tick.js:98:9)
6 verbose cwd /home/dev/frontend/errcode
7 error Linux 3.13.0-107-generic
8 error argv "/home/windsome/.nvm/versions/node/v5.11.1/bin/node" "/home/windsome/.nvm/versions/node/v5.11.1/bin/npm" "publish" "--tag" "0.1.2"
9 error node v5.11.1
10 error npm  v3.8.6
11 error Tag name must not be a valid SemVer range: 0.1.2
12 error If you need help, you may report this error at:
12 error     <https://github.com/npm/npm/issues>
13 verbose exit [ 1, true ]
